<?xml version="1.0" encoding="UTF-8"?>
<testsuite name="testEjercicio3.TestMockStaticCambioMoneda" tests="2" skipped="0" failures="0" errors="0" timestamp="2022-02-18T16:17:34" hostname="DESKTOP-6I00CUD" time="0.026">
  <properties/>
  <testcase name="verifyWrong()" classname="testEjercicio3.TestMockStaticCambioMoneda" time="0.017"/>
  <testcase name="verify()" classname="testEjercicio3.TestMockStaticCambioMoneda" time="0.008"/>
  <system-out><![CDATA[]]></system-out>
  <system-err><![CDATA[]]></system-err>
</testsuite>
