<?xml version="1.0" encoding="UTF-8"?>
<testsuite name="testEjercicio2.TestNumbers" tests="5" skipped="0" failures="0" errors="0" timestamp="2022-02-18T03:29:50" hostname="DESKTOP-6I00CUD" time="0.059">
  <properties/>
  <testcase name="[1] 0" classname="testEjercicio2.TestNumbers" time="0.024"/>
  <testcase name="[2] -1" classname="testEjercicio2.TestNumbers" time="0.001"/>
  <testcase name="[1] 11, 2 4 6 8 10" classname="testEjercicio2.TestNumbers" time="0.02"/>
  <testcase name="[2] 21, 1 3 5 7 9 11 13 15 17 19 21" classname="testEjercicio2.TestNumbers" time="0.003"/>
  <testcase name="[3] 8, 1 3 5 7" classname="testEjercicio2.TestNumbers" time="0.003"/>
  <system-out><![CDATA[]]></system-out>
  <system-err><![CDATA[]]></system-err>
</testsuite>
