<?xml version="1.0" encoding="UTF-8"?>
<testsuite name="testEjercicio1.TestNextDay" tests="9" skipped="0" failures="0" errors="0" timestamp="2022-02-17T03:41:59" hostname="DESKTOP-6I00CUD" time="0.045">
  <properties/>
  <testcase name="[1] 5, mayo, 2020, 6 mayo 2020" classname="testEjercicio1.TestNextDay" time="0.034"/>
  <testcase name="[2] 28, febrero, 2020, 29 febrero 2020" classname="testEjercicio1.TestNextDay" time="0.001"/>
  <testcase name="[3] 28, febrero, 2021, 1 marzo 2021" classname="testEjercicio1.TestNextDay" time="0.0"/>
  <testcase name="[4] 1, enero, 2000, 2 enero 2000" classname="testEjercicio1.TestNextDay" time="0.0"/>
  <testcase name="[5] 31, enero, 2021, 1 febrero 2021" classname="testEjercicio1.TestNextDay" time="0.0"/>
  <testcase name="[6] 5, abril, 2021, 6 abril 2021" classname="testEjercicio1.TestNextDay" time="0.0"/>
  <testcase name="[7] -1, septiembre, 1997, dia incorrecto" classname="testEjercicio1.TestNextDay" time="0.0"/>
  <testcase name="[8] 32, mayo, 1998, dia incorrecto" classname="testEjercicio1.TestNextDay" time="0.0"/>
  <testcase name="[9] 29, febrero, 2021, dia incorrecto" classname="testEjercicio1.TestNextDay" time="0.0"/>
  <system-out><![CDATA[]]></system-out>
  <system-err><![CDATA[]]></system-err>
</testsuite>
